D, [2014-09-29T22:16:21.740980 #94757] DEBUG -- :   [1m[36m (0.2ms)[0m  [1mSELECT COUNT(*) FROM "my_queues"[0m
D, [2014-09-29T22:25:26.666592 #94943] DEBUG -- :   [1m[36mMyQueue Load (0.3ms)[0m  [1mSELECT  "my_queues".* FROM "my_queues"  WHERE "my_queues"."key" = 'yahoo_dir' LIMIT 1[0m
D, [2014-09-29T22:28:40.614709 #95131] DEBUG -- :   [1m[36mMyQueue Load (0.3ms)[0m  [1mSELECT  "my_queues".* FROM "my_queues"  WHERE "my_queues"."key" = 'yahoo_dir' LIMIT 1[0m
D, [2014-09-29T22:30:00.104593 #95131] DEBUG -- :   [1m[35mMyQueue Load (0.9ms)[0m  SELECT  "my_queues".* FROM "my_queues"  WHERE "my_queues"."key" = 'yahoo_dir' LIMIT 1
D, [2014-09-29T22:30:09.429345 #95186] DEBUG -- :   [1m[36mMyQueue Load (0.5ms)[0m  [1mSELECT  "my_queues".* FROM "my_queues"  WHERE "my_queues"."key" = 'yahoo_dir' LIMIT 1[0m
D, [2014-09-29T22:32:37.646428 #95234] DEBUG -- :   [1m[36mMyQueue Load (0.5ms)[0m  [1mSELECT  "my_queues".* FROM "my_queues"  WHERE "my_queues"."key" = 'yahoo_dir' LIMIT 1[0m
D, [2014-09-29T22:32:58.167436 #95241] DEBUG -- :   [1m[36mMyQueue Load (0.4ms)[0m  [1mSELECT  "my_queues".* FROM "my_queues"  WHERE "my_queues"."key" = 'yahoo_dir' LIMIT 1[0m
D, [2014-09-29T22:33:00.798918 #95241] DEBUG -- :   [1m[35mMyQueue Load (0.3ms)[0m  SELECT  "my_queues".* FROM "my_queues"  WHERE "my_queues"."key" = 'yahoo_dir' LIMIT 1
D, [2014-09-29T22:34:29.929435 #95241] DEBUG -- :   [1m[36mMyQueue Load (0.4ms)[0m  [1mSELECT  "my_queues".* FROM "my_queues"  WHERE "my_queues"."key" = 'yahoo_dir' LIMIT 1[0m
D, [2014-09-29T22:38:03.278941 #95346] DEBUG -- :   [1m[36mMyQueue Load (0.4ms)[0m  [1mSELECT  "my_queues".* FROM "my_queues"  WHERE "my_queues"."key" = 'yahoo_dir' LIMIT 1[0m
D, [2014-09-29T22:38:17.207592 #95346] DEBUG -- :   [1m[35mTargetUrl Load (0.4ms)[0m  SELECT "target_urls".* FROM "target_urls"  WHERE "target_urls"."my_queue_id" = ?  [["my_queue_id", 1]]
D, [2014-09-29T22:39:07.400885 #95346] DEBUG -- :   [1m[36mMyQueue Load (0.4ms)[0m  [1mSELECT  "my_queues".* FROM "my_queues"  WHERE "my_queues"."key" = 'yahoo_dir' LIMIT 1[0m
D, [2014-09-29T22:39:43.351674 #95388] DEBUG -- :   [1m[36mMyQueue Load (0.4ms)[0m  [1mSELECT  "my_queues".* FROM "my_queues"  WHERE "my_queues"."key" = 'yahoo_dir' LIMIT 1[0m
D, [2014-09-29T22:40:22.816596 #95402] DEBUG -- :   [1m[36mMyQueue Load (0.4ms)[0m  [1mSELECT  "my_queues".* FROM "my_queues"  WHERE "my_queues"."key" = 'yahoo_dir' LIMIT 1[0m
D, [2014-09-29T22:40:48.457820 #95412] DEBUG -- :   [1m[36mMyQueue Load (0.4ms)[0m  [1mSELECT  "my_queues".* FROM "my_queues"  WHERE "my_queues"."key" = 'yahoo_dir' LIMIT 1[0m
D, [2014-09-29T22:40:48.478222 #95412] DEBUG -- :   [1m[35mTargetUrl Load (0.5ms)[0m  SELECT "target_urls".* FROM "target_urls"  WHERE "target_urls"."my_queue_id" = ?  [["my_queue_id", 1]]
D, [2014-09-29T22:41:09.022506 #95420] DEBUG -- :   [1m[36mMyQueue Load (0.3ms)[0m  [1mSELECT  "my_queues".* FROM "my_queues"  WHERE "my_queues"."key" = 'yahoo_dir' LIMIT 1[0m
D, [2014-09-29T22:41:09.043332 #95420] DEBUG -- :   [1m[35mTargetUrl Load (0.3ms)[0m  SELECT "target_urls".* FROM "target_urls"  WHERE "target_urls"."my_queue_id" = ?  [["my_queue_id", 1]]
D, [2014-09-29T22:41:55.164642 #95435] DEBUG -- :   [1m[36mMyQueue Load (0.4ms)[0m  [1mSELECT  "my_queues".* FROM "my_queues"  WHERE "my_queues"."key" = 'yahoo_dir' LIMIT 1[0m
D, [2014-09-29T22:41:55.185142 #95435] DEBUG -- :   [1m[35mTargetUrl Load (0.4ms)[0m  SELECT "target_urls".* FROM "target_urls"  WHERE "target_urls"."my_queue_id" = ? AND "target_urls"."url" = 'http://dir.yahoo.com/'  [["my_queue_id", 1]]
D, [2014-09-29T22:42:00.650748 #95438] DEBUG -- :   [1m[36mMyQueue Load (0.3ms)[0m  [1mSELECT  "my_queues".* FROM "my_queues"  WHERE "my_queues"."key" = 'yahoo_dir' LIMIT 1[0m
D, [2014-09-29T22:42:00.671765 #95438] DEBUG -- :   [1m[35mTargetUrl Load (0.3ms)[0m  SELECT "target_urls".* FROM "target_urls"  WHERE "target_urls"."my_queue_id" = ? AND "target_urls"."url" = 'http://dir.yahoo.acom/'  [["my_queue_id", 1]]
D, [2014-09-29T22:42:14.098411 #95443] DEBUG -- :   [1m[36mMyQueue Load (0.4ms)[0m  [1mSELECT  "my_queues".* FROM "my_queues"  WHERE "my_queues"."key" = 'yahoo_dir' LIMIT 1[0m
D, [2014-09-29T22:42:14.118696 #95443] DEBUG -- :   [1m[35mTargetUrl Load (0.3ms)[0m  SELECT "target_urls".* FROM "target_urls"  WHERE "target_urls"."my_queue_id" = ? AND "target_urls"."last_crawled" = ''  [["my_queue_id", 1]]
D, [2014-09-29T22:42:26.173782 #95448] DEBUG -- :   [1m[36mMyQueue Load (0.3ms)[0m  [1mSELECT  "my_queues".* FROM "my_queues"  WHERE "my_queues"."key" = 'yahoo_dir' LIMIT 1[0m
D, [2014-09-29T22:42:26.193906 #95448] DEBUG -- :   [1m[35mTargetUrl Load (0.3ms)[0m  SELECT "target_urls".* FROM "target_urls"  WHERE "target_urls"."my_queue_id" = ? AND "target_urls"."last_crawled" IS NULL  [["my_queue_id", 1]]
